2023-11-28 00:04:44.954  INFO 6 --- [                                    ] [          ] [               ] [scheduling-1] i.z.z.m.s.s.AccessTokenRefreshSchedule   : 开始执行需要定期刷新 AccessToken 存储源的定时任务
2023-11-28 00:04:44.963  INFO 6 --- [                                    ] [          ] [               ] [scheduling-1] i.z.z.m.s.s.AccessTokenRefreshSchedule   : 执行需要定期刷新 AccessToken 存储源的定时任务完成
2023-11-28 00:14:44.954  INFO 6 --- [                                    ] [          ] [               ] [scheduling-1] i.z.z.m.s.s.AccessTokenRefreshSchedule   : 开始执行需要定期刷新 AccessToken 存储源的定时任务
2023-11-28 00:14:44.955  INFO 6 --- [                                    ] [          ] [               ] [scheduling-1] i.z.z.m.s.s.AccessTokenRefreshSchedule   : 执行需要定期刷新 AccessToken 存储源的定时任务完成
2023-11-28 00:24:44.954  INFO 6 --- [                                    ] [          ] [               ] [scheduling-1] i.z.z.m.s.s.AccessTokenRefreshSchedule   : 开始执行需要定期刷新 AccessToken 存储源的定时任务
2023-11-28 00:24:44.956  INFO 6 --- [                                    ] [          ] [               ] [scheduling-1] i.z.z.m.s.s.AccessTokenRefreshSchedule   : 执行需要定期刷新 AccessToken 存储源的定时任务完成
2023-11-28 00:34:44.954  INFO 6 --- [                                    ] [          ] [               ] [scheduling-1] i.z.z.m.s.s.AccessTokenRefreshSchedule   : 开始执行需要定期刷新 AccessToken 存储源的定时任务
2023-11-28 00:34:44.955  INFO 6 --- [                                    ] [          ] [               ] [scheduling-1] i.z.z.m.s.s.AccessTokenRefreshSchedule   : 执行需要定期刷新 AccessToken 存储源的定时任务完成
2023-11-28 00:44:44.954  INFO 6 --- [                                    ] [          ] [               ] [scheduling-1] i.z.z.m.s.s.AccessTokenRefreshSchedule   : 开始执行需要定期刷新 AccessToken 存储源的定时任务
2023-11-28 00:44:44.956  INFO 6 --- [                                    ] [          ] [               ] [scheduling-1] i.z.z.m.s.s.AccessTokenRefreshSchedule   : 执行需要定期刷新 AccessToken 存储源的定时任务完成
2023-11-28 00:54:44.954  INFO 6 --- [                                    ] [          ] [               ] [scheduling-1] i.z.z.m.s.s.AccessTokenRefreshSchedule   : 开始执行需要定期刷新 AccessToken 存储源的定时任务
2023-11-28 00:54:44.955  INFO 6 --- [                                    ] [          ] [               ] [scheduling-1] i.z.z.m.s.s.AccessTokenRefreshSchedule   : 执行需要定期刷新 AccessToken 存储源的定时任务完成
2023-11-28 01:04:44.954  INFO 6 --- [                                    ] [          ] [               ] [scheduling-1] i.z.z.m.s.s.AccessTokenRefreshSchedule   : 开始执行需要定期刷新 AccessToken 存储源的定时任务
2023-11-28 01:04:44.957  INFO 6 --- [                                    ] [          ] [               ] [scheduling-1] i.z.z.m.s.s.AccessTokenRefreshSchedule   : 执行需要定期刷新 AccessToken 存储源的定时任务完成
2023-11-28 01:14:44.954  INFO 6 --- [                                    ] [          ] [               ] [scheduling-1] i.z.z.m.s.s.AccessTokenRefreshSchedule   : 开始执行需要定期刷新 AccessToken 存储源的定时任务
2023-11-28 01:14:44.955  INFO 6 --- [                                    ] [          ] [               ] [scheduling-1] i.z.z.m.s.s.AccessTokenRefreshSchedule   : 执行需要定期刷新 AccessToken 存储源的定时任务完成
2023-11-28 01:24:44.954  INFO 6 --- [                                    ] [          ] [               ] [scheduling-1] i.z.z.m.s.s.AccessTokenRefreshSchedule   : 开始执行需要定期刷新 AccessToken 存储源的定时任务
2023-11-28 01:24:44.955  INFO 6 --- [                                    ] [          ] [               ] [scheduling-1] i.z.z.m.s.s.AccessTokenRefreshSchedule   : 执行需要定期刷新 AccessToken 存储源的定时任务完成
2023-11-28 01:34:44.954  INFO 6 --- [                                    ] [          ] [               ] [scheduling-1] i.z.z.m.s.s.AccessTokenRefreshSchedule   : 开始执行需要定期刷新 AccessToken 存储源的定时任务
2023-11-28 01:34:44.955  INFO 6 --- [                                    ] [          ] [               ] [scheduling-1] i.z.z.m.s.s.AccessTokenRefreshSchedule   : 执行需要定期刷新 AccessToken 存储源的定时任务完成
2023-11-28 01:44:44.954  INFO 6 --- [                                    ] [          ] [               ] [scheduling-1] i.z.z.m.s.s.AccessTokenRefreshSchedule   : 开始执行需要定期刷新 AccessToken 存储源的定时任务
2023-11-28 01:44:44.956  INFO 6 --- [                                    ] [          ] [               ] [scheduling-1] i.z.z.m.s.s.AccessTokenRefreshSchedule   : 执行需要定期刷新 AccessToken 存储源的定时任务完成
2023-11-28 01:54:44.955  INFO 6 --- [                                    ] [          ] [               ] [scheduling-1] i.z.z.m.s.s.AccessTokenRefreshSchedule   : 开始执行需要定期刷新 AccessToken 存储源的定时任务
2023-11-28 01:54:44.955  INFO 6 --- [                                    ] [          ] [               ] [scheduling-1] i.z.z.m.s.s.AccessTokenRefreshSchedule   : 执行需要定期刷新 AccessToken 存储源的定时任务完成
2023-11-28 02:04:44.954  INFO 6 --- [                                    ] [          ] [               ] [scheduling-1] i.z.z.m.s.s.AccessTokenRefreshSchedule   : 开始执行需要定期刷新 AccessToken 存储源的定时任务
2023-11-28 02:04:44.955  INFO 6 --- [                                    ] [          ] [               ] [scheduling-1] i.z.z.m.s.s.AccessTokenRefreshSchedule   : 执行需要定期刷新 AccessToken 存储源的定时任务完成
2023-11-28 02:14:44.954  INFO 6 --- [                                    ] [          ] [               ] [scheduling-1] i.z.z.m.s.s.AccessTokenRefreshSchedule   : 开始执行需要定期刷新 AccessToken 存储源的定时任务
2023-11-28 02:14:44.955  INFO 6 --- [                                    ] [          ] [               ] [scheduling-1] i.z.z.m.s.s.AccessTokenRefreshSchedule   : 执行需要定期刷新 AccessToken 存储源的定时任务完成
2023-11-28 02:24:44.954  INFO 6 --- [                                    ] [          ] [               ] [scheduling-1] i.z.z.m.s.s.AccessTokenRefreshSchedule   : 开始执行需要定期刷新 AccessToken 存储源的定时任务
2023-11-28 02:24:44.955  INFO 6 --- [                                    ] [          ] [               ] [scheduling-1] i.z.z.m.s.s.AccessTokenRefreshSchedule   : 执行需要定期刷新 AccessToken 存储源的定时任务完成
2023-11-28 02:34:44.954  INFO 6 --- [                                    ] [          ] [               ] [scheduling-1] i.z.z.m.s.s.AccessTokenRefreshSchedule   : 开始执行需要定期刷新 AccessToken 存储源的定时任务
2023-11-28 02:34:44.955  INFO 6 --- [                                    ] [          ] [               ] [scheduling-1] i.z.z.m.s.s.AccessTokenRefreshSchedule   : 执行需要定期刷新 AccessToken 存储源的定时任务完成
2023-11-28 02:44:44.954  INFO 6 --- [                                    ] [          ] [               ] [scheduling-1] i.z.z.m.s.s.AccessTokenRefreshSchedule   : 开始执行需要定期刷新 AccessToken 存储源的定时任务
2023-11-28 02:44:44.955  INFO 6 --- [                                    ] [          ] [               ] [scheduling-1] i.z.z.m.s.s.AccessTokenRefreshSchedule   : 执行需要定期刷新 AccessToken 存储源的定时任务完成
2023-11-28 02:54:44.954  INFO 6 --- [                                    ] [          ] [               ] [scheduling-1] i.z.z.m.s.s.AccessTokenRefreshSchedule   : 开始执行需要定期刷新 AccessToken 存储源的定时任务
2023-11-28 02:54:44.955  INFO 6 --- [                                    ] [          ] [               ] [scheduling-1] i.z.z.m.s.s.AccessTokenRefreshSchedule   : 执行需要定期刷新 AccessToken 存储源的定时任务完成
2023-11-28 02:59:07.325  INFO 6 --- [                                    ] [          ] [               ] [http-nio-8080-exec-8] o.apache.coyote.http11.Http11Processor   : Error parsing HTTP request header
 Note: further occurrences of HTTP request parsing errors will be logged at DEBUG level.

java.lang.IllegalArgumentException: Invalid character found in method name [Z0xa50x01 ]. HTTP method names must be tokens
	at org.apache.coyote.http11.Http11InputBuffer.parseRequestLine(Http11InputBuffer.java:407)
	at org.apache.coyote.http11.Http11Processor.service(Http11Processor.java:263)
	at org.apache.coyote.AbstractProcessorLight.process(AbstractProcessorLight.java:63)
	at org.apache.coyote.AbstractProtocol$ConnectionHandler.process(AbstractProtocol.java:926)
	at org.apache.tomcat.util.net.NioEndpoint$SocketProcessor.doRun(NioEndpoint.java:1791)
	at org.apache.tomcat.util.net.SocketProcessorBase.run(SocketProcessorBase.java:52)
	at org.apache.tomcat.util.threads.ThreadPoolExecutor.runWorker(ThreadPoolExecutor.java:1191)
	at org.apache.tomcat.util.threads.ThreadPoolExecutor$Worker.run(ThreadPoolExecutor.java:659)
	at org.apache.tomcat.util.threads.TaskThread$WrappingRunnable.run(TaskThread.java:61)
	at java.lang.Thread.run(Thread.java:826)

2023-11-28 03:04:44.954  INFO 6 --- [                                    ] [          ] [               ] [scheduling-1] i.z.z.m.s.s.AccessTokenRefreshSchedule   : 开始执行需要定期刷新 AccessToken 存储源的定时任务
2023-11-28 03:04:44.955  INFO 6 --- [                                    ] [          ] [               ] [scheduling-1] i.z.z.m.s.s.AccessTokenRefreshSchedule   : 执行需要定期刷新 AccessToken 存储源的定时任务完成
2023-11-28 03:14:44.954  INFO 6 --- [                                    ] [          ] [               ] [scheduling-1] i.z.z.m.s.s.AccessTokenRefreshSchedule   : 开始执行需要定期刷新 AccessToken 存储源的定时任务
2023-11-28 03:14:44.955  INFO 6 --- [                                    ] [          ] [               ] [scheduling-1] i.z.z.m.s.s.AccessTokenRefreshSchedule   : 执行需要定期刷新 AccessToken 存储源的定时任务完成
2023-11-28 03:24:44.954  INFO 6 --- [                                    ] [          ] [               ] [scheduling-1] i.z.z.m.s.s.AccessTokenRefreshSchedule   : 开始执行需要定期刷新 AccessToken 存储源的定时任务
2023-11-28 03:24:44.955  INFO 6 --- [                                    ] [          ] [               ] [scheduling-1] i.z.z.m.s.s.AccessTokenRefreshSchedule   : 执行需要定期刷新 AccessToken 存储源的定时任务完成
2023-11-28 03:34:44.954  INFO 6 --- [                                    ] [          ] [               ] [scheduling-1] i.z.z.m.s.s.AccessTokenRefreshSchedule   : 开始执行需要定期刷新 AccessToken 存储源的定时任务
2023-11-28 03:34:44.955  INFO 6 --- [                                    ] [          ] [               ] [scheduling-1] i.z.z.m.s.s.AccessTokenRefreshSchedule   : 执行需要定期刷新 AccessToken 存储源的定时任务完成
2023-11-28 03:44:44.954  INFO 6 --- [                                    ] [          ] [               ] [scheduling-1] i.z.z.m.s.s.AccessTokenRefreshSchedule   : 开始执行需要定期刷新 AccessToken 存储源的定时任务
2023-11-28 03:44:44.955  INFO 6 --- [                                    ] [          ] [               ] [scheduling-1] i.z.z.m.s.s.AccessTokenRefreshSchedule   : 执行需要定期刷新 AccessToken 存储源的定时任务完成
2023-11-28 03:54:44.954  INFO 6 --- [                                    ] [          ] [               ] [scheduling-1] i.z.z.m.s.s.AccessTokenRefreshSchedule   : 开始执行需要定期刷新 AccessToken 存储源的定时任务
2023-11-28 03:54:44.955  INFO 6 --- [                                    ] [          ] [               ] [scheduling-1] i.z.z.m.s.s.AccessTokenRefreshSchedule   : 执行需要定期刷新 AccessToken 存储源的定时任务完成
2023-11-28 04:04:44.954  INFO 6 --- [                                    ] [          ] [               ] [scheduling-1] i.z.z.m.s.s.AccessTokenRefreshSchedule   : 开始执行需要定期刷新 AccessToken 存储源的定时任务
2023-11-28 04:04:44.955  INFO 6 --- [                                    ] [          ] [               ] [scheduling-1] i.z.z.m.s.s.AccessTokenRefreshSchedule   : 执行需要定期刷新 AccessToken 存储源的定时任务完成
2023-11-28 04:14:44.954  INFO 6 --- [                                    ] [          ] [               ] [scheduling-1] i.z.z.m.s.s.AccessTokenRefreshSchedule   : 开始执行需要定期刷新 AccessToken 存储源的定时任务
2023-11-28 04:14:44.955  INFO 6 --- [                                    ] [          ] [               ] [scheduling-1] i.z.z.m.s.s.AccessTokenRefreshSchedule   : 执行需要定期刷新 AccessToken 存储源的定时任务完成
2023-11-28 04:24:44.954  INFO 6 --- [                                    ] [          ] [               ] [scheduling-1] i.z.z.m.s.s.AccessTokenRefreshSchedule   : 开始执行需要定期刷新 AccessToken 存储源的定时任务
2023-11-28 04:24:44.955  INFO 6 --- [                                    ] [          ] [               ] [scheduling-1] i.z.z.m.s.s.AccessTokenRefreshSchedule   : 执行需要定期刷新 AccessToken 存储源的定时任务完成
2023-11-28 04:34:44.954  INFO 6 --- [                                    ] [          ] [               ] [scheduling-1] i.z.z.m.s.s.AccessTokenRefreshSchedule   : 开始执行需要定期刷新 AccessToken 存储源的定时任务
2023-11-28 04:34:44.955  INFO 6 --- [                                    ] [          ] [               ] [scheduling-1] i.z.z.m.s.s.AccessTokenRefreshSchedule   : 执行需要定期刷新 AccessToken 存储源的定时任务完成
2023-11-28 04:44:44.954  INFO 6 --- [                                    ] [          ] [               ] [scheduling-1] i.z.z.m.s.s.AccessTokenRefreshSchedule   : 开始执行需要定期刷新 AccessToken 存储源的定时任务
2023-11-28 04:44:44.955  INFO 6 --- [                                    ] [          ] [               ] [scheduling-1] i.z.z.m.s.s.AccessTokenRefreshSchedule   : 执行需要定期刷新 AccessToken 存储源的定时任务完成
2023-11-28 04:54:44.954  INFO 6 --- [                                    ] [          ] [               ] [scheduling-1] i.z.z.m.s.s.AccessTokenRefreshSchedule   : 开始执行需要定期刷新 AccessToken 存储源的定时任务
2023-11-28 04:54:44.955  INFO 6 --- [                                    ] [          ] [               ] [scheduling-1] i.z.z.m.s.s.AccessTokenRefreshSchedule   : 执行需要定期刷新 AccessToken 存储源的定时任务完成
2023-11-28 05:04:44.954  INFO 6 --- [                                    ] [          ] [               ] [scheduling-1] i.z.z.m.s.s.AccessTokenRefreshSchedule   : 开始执行需要定期刷新 AccessToken 存储源的定时任务
2023-11-28 05:04:44.955  INFO 6 --- [                                    ] [          ] [               ] [scheduling-1] i.z.z.m.s.s.AccessTokenRefreshSchedule   : 执行需要定期刷新 AccessToken 存储源的定时任务完成
2023-11-28 05:14:44.954  INFO 6 --- [                                    ] [          ] [               ] [scheduling-1] i.z.z.m.s.s.AccessTokenRefreshSchedule   : 开始执行需要定期刷新 AccessToken 存储源的定时任务
2023-11-28 05:14:44.955  INFO 6 --- [                                    ] [          ] [               ] [scheduling-1] i.z.z.m.s.s.AccessTokenRefreshSchedule   : 执行需要定期刷新 AccessToken 存储源的定时任务完成
2023-11-28 05:24:44.954  INFO 6 --- [                                    ] [          ] [               ] [scheduling-1] i.z.z.m.s.s.AccessTokenRefreshSchedule   : 开始执行需要定期刷新 AccessToken 存储源的定时任务
2023-11-28 05:24:44.955  INFO 6 --- [                                    ] [          ] [               ] [scheduling-1] i.z.z.m.s.s.AccessTokenRefreshSchedule   : 执行需要定期刷新 AccessToken 存储源的定时任务完成
2023-11-28 05:34:44.954  INFO 6 --- [                                    ] [          ] [               ] [scheduling-1] i.z.z.m.s.s.AccessTokenRefreshSchedule   : 开始执行需要定期刷新 AccessToken 存储源的定时任务
2023-11-28 05:34:44.955  INFO 6 --- [                                    ] [          ] [               ] [scheduling-1] i.z.z.m.s.s.AccessTokenRefreshSchedule   : 执行需要定期刷新 AccessToken 存储源的定时任务完成
2023-11-28 05:44:44.954  INFO 6 --- [                                    ] [          ] [               ] [scheduling-1] i.z.z.m.s.s.AccessTokenRefreshSchedule   : 开始执行需要定期刷新 AccessToken 存储源的定时任务
2023-11-28 05:44:44.955  INFO 6 --- [                                    ] [          ] [               ] [scheduling-1] i.z.z.m.s.s.AccessTokenRefreshSchedule   : 执行需要定期刷新 AccessToken 存储源的定时任务完成
2023-11-28 05:54:44.954  INFO 6 --- [                                    ] [          ] [               ] [scheduling-1] i.z.z.m.s.s.AccessTokenRefreshSchedule   : 开始执行需要定期刷新 AccessToken 存储源的定时任务
2023-11-28 05:54:44.955  INFO 6 --- [                                    ] [          ] [               ] [scheduling-1] i.z.z.m.s.s.AccessTokenRefreshSchedule   : 执行需要定期刷新 AccessToken 存储源的定时任务完成
2023-11-28 06:04:44.954  INFO 6 --- [                                    ] [          ] [               ] [scheduling-1] i.z.z.m.s.s.AccessTokenRefreshSchedule   : 开始执行需要定期刷新 AccessToken 存储源的定时任务
2023-11-28 06:04:44.955  INFO 6 --- [                                    ] [          ] [               ] [scheduling-1] i.z.z.m.s.s.AccessTokenRefreshSchedule   : 执行需要定期刷新 AccessToken 存储源的定时任务完成
2023-11-28 06:14:44.954  INFO 6 --- [                                    ] [          ] [               ] [scheduling-1] i.z.z.m.s.s.AccessTokenRefreshSchedule   : 开始执行需要定期刷新 AccessToken 存储源的定时任务
2023-11-28 06:14:44.955  INFO 6 --- [                                    ] [          ] [               ] [scheduling-1] i.z.z.m.s.s.AccessTokenRefreshSchedule   : 执行需要定期刷新 AccessToken 存储源的定时任务完成
2023-11-28 06:24:44.954  INFO 6 --- [                                    ] [          ] [               ] [scheduling-1] i.z.z.m.s.s.AccessTokenRefreshSchedule   : 开始执行需要定期刷新 AccessToken 存储源的定时任务
2023-11-28 06:24:44.955  INFO 6 --- [                                    ] [          ] [               ] [scheduling-1] i.z.z.m.s.s.AccessTokenRefreshSchedule   : 执行需要定期刷新 AccessToken 存储源的定时任务完成
2023-11-28 06:34:44.954  INFO 6 --- [                                    ] [          ] [               ] [scheduling-1] i.z.z.m.s.s.AccessTokenRefreshSchedule   : 开始执行需要定期刷新 AccessToken 存储源的定时任务
2023-11-28 06:34:44.955  INFO 6 --- [                                    ] [          ] [               ] [scheduling-1] i.z.z.m.s.s.AccessTokenRefreshSchedule   : 执行需要定期刷新 AccessToken 存储源的定时任务完成
2023-11-28 06:44:44.954  INFO 6 --- [                                    ] [          ] [               ] [scheduling-1] i.z.z.m.s.s.AccessTokenRefreshSchedule   : 开始执行需要定期刷新 AccessToken 存储源的定时任务
2023-11-28 06:44:44.955  INFO 6 --- [                                    ] [          ] [               ] [scheduling-1] i.z.z.m.s.s.AccessTokenRefreshSchedule   : 执行需要定期刷新 AccessToken 存储源的定时任务完成
2023-11-28 06:54:44.954  INFO 6 --- [                                    ] [          ] [               ] [scheduling-1] i.z.z.m.s.s.AccessTokenRefreshSchedule   : 开始执行需要定期刷新 AccessToken 存储源的定时任务
2023-11-28 06:54:44.955  INFO 6 --- [                                    ] [          ] [               ] [scheduling-1] i.z.z.m.s.s.AccessTokenRefreshSchedule   : 执行需要定期刷新 AccessToken 存储源的定时任务完成
2023-11-28 07:04:44.954  INFO 6 --- [                                    ] [          ] [               ] [scheduling-1] i.z.z.m.s.s.AccessTokenRefreshSchedule   : 开始执行需要定期刷新 AccessToken 存储源的定时任务
2023-11-28 07:04:44.955  INFO 6 --- [                                    ] [          ] [               ] [scheduling-1] i.z.z.m.s.s.AccessTokenRefreshSchedule   : 执行需要定期刷新 AccessToken 存储源的定时任务完成
2023-11-28 07:14:44.954  INFO 6 --- [                                    ] [          ] [               ] [scheduling-1] i.z.z.m.s.s.AccessTokenRefreshSchedule   : 开始执行需要定期刷新 AccessToken 存储源的定时任务
2023-11-28 07:14:44.955  INFO 6 --- [                                    ] [          ] [               ] [scheduling-1] i.z.z.m.s.s.AccessTokenRefreshSchedule   : 执行需要定期刷新 AccessToken 存储源的定时任务完成
2023-11-28 07:24:44.954  INFO 6 --- [                                    ] [          ] [               ] [scheduling-1] i.z.z.m.s.s.AccessTokenRefreshSchedule   : 开始执行需要定期刷新 AccessToken 存储源的定时任务
2023-11-28 07:24:44.955  INFO 6 --- [                                    ] [          ] [               ] [scheduling-1] i.z.z.m.s.s.AccessTokenRefreshSchedule   : 执行需要定期刷新 AccessToken 存储源的定时任务完成
2023-11-28 07:34:44.954  INFO 6 --- [                                    ] [          ] [               ] [scheduling-1] i.z.z.m.s.s.AccessTokenRefreshSchedule   : 开始执行需要定期刷新 AccessToken 存储源的定时任务
2023-11-28 07:34:44.955  INFO 6 --- [                                    ] [          ] [               ] [scheduling-1] i.z.z.m.s.s.AccessTokenRefreshSchedule   : 执行需要定期刷新 AccessToken 存储源的定时任务完成
2023-11-28 07:44:44.954  INFO 6 --- [                                    ] [          ] [               ] [scheduling-1] i.z.z.m.s.s.AccessTokenRefreshSchedule   : 开始执行需要定期刷新 AccessToken 存储源的定时任务
2023-11-28 07:44:44.955  INFO 6 --- [                                    ] [          ] [               ] [scheduling-1] i.z.z.m.s.s.AccessTokenRefreshSchedule   : 执行需要定期刷新 AccessToken 存储源的定时任务完成
2023-11-28 07:54:44.954  INFO 6 --- [                                    ] [          ] [               ] [scheduling-1] i.z.z.m.s.s.AccessTokenRefreshSchedule   : 开始执行需要定期刷新 AccessToken 存储源的定时任务
2023-11-28 07:54:44.955  INFO 6 --- [                                    ] [          ] [               ] [scheduling-1] i.z.z.m.s.s.AccessTokenRefreshSchedule   : 执行需要定期刷新 AccessToken 存储源的定时任务完成
2023-11-28 08:04:44.954  INFO 6 --- [                                    ] [          ] [               ] [scheduling-1] i.z.z.m.s.s.AccessTokenRefreshSchedule   : 开始执行需要定期刷新 AccessToken 存储源的定时任务
2023-11-28 08:04:44.955  INFO 6 --- [                                    ] [          ] [               ] [scheduling-1] i.z.z.m.s.s.AccessTokenRefreshSchedule   : 执行需要定期刷新 AccessToken 存储源的定时任务完成
2023-11-28 08:14:44.954  INFO 6 --- [                                    ] [          ] [               ] [scheduling-1] i.z.z.m.s.s.AccessTokenRefreshSchedule   : 开始执行需要定期刷新 AccessToken 存储源的定时任务
2023-11-28 08:14:44.955  INFO 6 --- [                                    ] [          ] [               ] [scheduling-1] i.z.z.m.s.s.AccessTokenRefreshSchedule   : 执行需要定期刷新 AccessToken 存储源的定时任务完成
2023-11-28 08:24:44.954  INFO 6 --- [                                    ] [          ] [               ] [scheduling-1] i.z.z.m.s.s.AccessTokenRefreshSchedule   : 开始执行需要定期刷新 AccessToken 存储源的定时任务
2023-11-28 08:24:44.955  INFO 6 --- [                                    ] [          ] [               ] [scheduling-1] i.z.z.m.s.s.AccessTokenRefreshSchedule   : 执行需要定期刷新 AccessToken 存储源的定时任务完成
2023-11-28 08:34:44.954  INFO 6 --- [                                    ] [          ] [               ] [scheduling-1] i.z.z.m.s.s.AccessTokenRefreshSchedule   : 开始执行需要定期刷新 AccessToken 存储源的定时任务
2023-11-28 08:34:44.955  INFO 6 --- [                                    ] [          ] [               ] [scheduling-1] i.z.z.m.s.s.AccessTokenRefreshSchedule   : 执行需要定期刷新 AccessToken 存储源的定时任务完成
2023-11-28 08:44:44.954  INFO 6 --- [                                    ] [          ] [               ] [scheduling-1] i.z.z.m.s.s.AccessTokenRefreshSchedule   : 开始执行需要定期刷新 AccessToken 存储源的定时任务
2023-11-28 08:44:44.955  INFO 6 --- [                                    ] [          ] [               ] [scheduling-1] i.z.z.m.s.s.AccessTokenRefreshSchedule   : 执行需要定期刷新 AccessToken 存储源的定时任务完成
2023-11-28 08:54:44.954  INFO 6 --- [                                    ] [          ] [               ] [scheduling-1] i.z.z.m.s.s.AccessTokenRefreshSchedule   : 开始执行需要定期刷新 AccessToken 存储源的定时任务
2023-11-28 08:54:44.955  INFO 6 --- [                                    ] [          ] [               ] [scheduling-1] i.z.z.m.s.s.AccessTokenRefreshSchedule   : 执行需要定期刷新 AccessToken 存储源的定时任务完成
2023-11-28 09:04:44.954  INFO 6 --- [                                    ] [          ] [               ] [scheduling-1] i.z.z.m.s.s.AccessTokenRefreshSchedule   : 开始执行需要定期刷新 AccessToken 存储源的定时任务
2023-11-28 09:04:44.955  INFO 6 --- [                                    ] [          ] [               ] [scheduling-1] i.z.z.m.s.s.AccessTokenRefreshSchedule   : 执行需要定期刷新 AccessToken 存储源的定时任务完成
2023-11-28 09:14:44.954  INFO 6 --- [                                    ] [          ] [               ] [scheduling-1] i.z.z.m.s.s.AccessTokenRefreshSchedule   : 开始执行需要定期刷新 AccessToken 存储源的定时任务
2023-11-28 09:14:44.955  INFO 6 --- [                                    ] [          ] [               ] [scheduling-1] i.z.z.m.s.s.AccessTokenRefreshSchedule   : 执行需要定期刷新 AccessToken 存储源的定时任务完成
2023-11-28 09:24:44.954  INFO 6 --- [                                    ] [          ] [               ] [scheduling-1] i.z.z.m.s.s.AccessTokenRefreshSchedule   : 开始执行需要定期刷新 AccessToken 存储源的定时任务
2023-11-28 09:24:44.955  INFO 6 --- [                                    ] [          ] [               ] [scheduling-1] i.z.z.m.s.s.AccessTokenRefreshSchedule   : 执行需要定期刷新 AccessToken 存储源的定时任务完成
2023-11-28 09:34:44.954  INFO 6 --- [                                    ] [          ] [               ] [scheduling-1] i.z.z.m.s.s.AccessTokenRefreshSchedule   : 开始执行需要定期刷新 AccessToken 存储源的定时任务
2023-11-28 09:34:44.955  INFO 6 --- [                                    ] [          ] [               ] [scheduling-1] i.z.z.m.s.s.AccessTokenRefreshSchedule   : 执行需要定期刷新 AccessToken 存储源的定时任务完成
2023-11-28 09:44:44.954  INFO 6 --- [                                    ] [          ] [               ] [scheduling-1] i.z.z.m.s.s.AccessTokenRefreshSchedule   : 开始执行需要定期刷新 AccessToken 存储源的定时任务
2023-11-28 09:44:44.955  INFO 6 --- [                                    ] [          ] [               ] [scheduling-1] i.z.z.m.s.s.AccessTokenRefreshSchedule   : 执行需要定期刷新 AccessToken 存储源的定时任务完成
2023-11-28 09:54:44.954  INFO 6 --- [                                    ] [          ] [               ] [scheduling-1] i.z.z.m.s.s.AccessTokenRefreshSchedule   : 开始执行需要定期刷新 AccessToken 存储源的定时任务
2023-11-28 09:54:44.955  INFO 6 --- [                                    ] [          ] [               ] [scheduling-1] i.z.z.m.s.s.AccessTokenRefreshSchedule   : 执行需要定期刷新 AccessToken 存储源的定时任务完成
2023-11-28 10:04:44.954  INFO 6 --- [                                    ] [          ] [               ] [scheduling-1] i.z.z.m.s.s.AccessTokenRefreshSchedule   : 开始执行需要定期刷新 AccessToken 存储源的定时任务
2023-11-28 10:04:44.955  INFO 6 --- [                                    ] [          ] [               ] [scheduling-1] i.z.z.m.s.s.AccessTokenRefreshSchedule   : 执行需要定期刷新 AccessToken 存储源的定时任务完成
2023-11-28 10:14:44.954  INFO 6 --- [                                    ] [          ] [               ] [scheduling-1] i.z.z.m.s.s.AccessTokenRefreshSchedule   : 开始执行需要定期刷新 AccessToken 存储源的定时任务
2023-11-28 10:14:44.955  INFO 6 --- [                                    ] [          ] [               ] [scheduling-1] i.z.z.m.s.s.AccessTokenRefreshSchedule   : 执行需要定期刷新 AccessToken 存储源的定时任务完成
2023-11-28 10:24:44.954  INFO 6 --- [                                    ] [          ] [               ] [scheduling-1] i.z.z.m.s.s.AccessTokenRefreshSchedule   : 开始执行需要定期刷新 AccessToken 存储源的定时任务
2023-11-28 10:24:44.955  INFO 6 --- [                                    ] [          ] [               ] [scheduling-1] i.z.z.m.s.s.AccessTokenRefreshSchedule   : 执行需要定期刷新 AccessToken 存储源的定时任务完成
2023-11-28 10:34:44.954  INFO 6 --- [                                    ] [          ] [               ] [scheduling-1] i.z.z.m.s.s.AccessTokenRefreshSchedule   : 开始执行需要定期刷新 AccessToken 存储源的定时任务
2023-11-28 10:34:44.955  INFO 6 --- [                                    ] [          ] [               ] [scheduling-1] i.z.z.m.s.s.AccessTokenRefreshSchedule   : 执行需要定期刷新 AccessToken 存储源的定时任务完成
2023-11-28 10:44:44.954  INFO 6 --- [                                    ] [          ] [               ] [scheduling-1] i.z.z.m.s.s.AccessTokenRefreshSchedule   : 开始执行需要定期刷新 AccessToken 存储源的定时任务
2023-11-28 10:44:44.955  INFO 6 --- [                                    ] [          ] [               ] [scheduling-1] i.z.z.m.s.s.AccessTokenRefreshSchedule   : 执行需要定期刷新 AccessToken 存储源的定时任务完成
2023-11-28 10:54:44.954  INFO 6 --- [                                    ] [          ] [               ] [scheduling-1] i.z.z.m.s.s.AccessTokenRefreshSchedule   : 开始执行需要定期刷新 AccessToken 存储源的定时任务
2023-11-28 10:54:44.955  INFO 6 --- [                                    ] [          ] [               ] [scheduling-1] i.z.z.m.s.s.AccessTokenRefreshSchedule   : 执行需要定期刷新 AccessToken 存储源的定时任务完成
2023-11-28 11:04:44.954  INFO 6 --- [                                    ] [          ] [               ] [scheduling-1] i.z.z.m.s.s.AccessTokenRefreshSchedule   : 开始执行需要定期刷新 AccessToken 存储源的定时任务
2023-11-28 11:04:44.955  INFO 6 --- [                                    ] [          ] [               ] [scheduling-1] i.z.z.m.s.s.AccessTokenRefreshSchedule   : 执行需要定期刷新 AccessToken 存储源的定时任务完成
2023-11-28 11:14:44.954  INFO 6 --- [                                    ] [          ] [               ] [scheduling-1] i.z.z.m.s.s.AccessTokenRefreshSchedule   : 开始执行需要定期刷新 AccessToken 存储源的定时任务
2023-11-28 11:14:44.955  INFO 6 --- [                                    ] [          ] [               ] [scheduling-1] i.z.z.m.s.s.AccessTokenRefreshSchedule   : 执行需要定期刷新 AccessToken 存储源的定时任务完成
2023-11-28 11:24:44.954  INFO 6 --- [                                    ] [          ] [               ] [scheduling-1] i.z.z.m.s.s.AccessTokenRefreshSchedule   : 开始执行需要定期刷新 AccessToken 存储源的定时任务
2023-11-28 11:24:44.955  INFO 6 --- [                                    ] [          ] [               ] [scheduling-1] i.z.z.m.s.s.AccessTokenRefreshSchedule   : 执行需要定期刷新 AccessToken 存储源的定时任务完成
2023-11-28 11:34:44.954  INFO 6 --- [                                    ] [          ] [               ] [scheduling-1] i.z.z.m.s.s.AccessTokenRefreshSchedule   : 开始执行需要定期刷新 AccessToken 存储源的定时任务
2023-11-28 11:34:44.955  INFO 6 --- [                                    ] [          ] [               ] [scheduling-1] i.z.z.m.s.s.AccessTokenRefreshSchedule   : 执行需要定期刷新 AccessToken 存储源的定时任务完成
2023-11-28 11:44:44.954  INFO 6 --- [                                    ] [          ] [               ] [scheduling-1] i.z.z.m.s.s.AccessTokenRefreshSchedule   : 开始执行需要定期刷新 AccessToken 存储源的定时任务
2023-11-28 11:44:44.955  INFO 6 --- [                                    ] [          ] [               ] [scheduling-1] i.z.z.m.s.s.AccessTokenRefreshSchedule   : 执行需要定期刷新 AccessToken 存储源的定时任务完成
2023-11-28 11:54:44.954  INFO 6 --- [                                    ] [          ] [               ] [scheduling-1] i.z.z.m.s.s.AccessTokenRefreshSchedule   : 开始执行需要定期刷新 AccessToken 存储源的定时任务
2023-11-28 11:54:44.955  INFO 6 --- [                                    ] [          ] [               ] [scheduling-1] i.z.z.m.s.s.AccessTokenRefreshSchedule   : 执行需要定期刷新 AccessToken 存储源的定时任务完成
2023-11-28 12:04:44.954  INFO 6 --- [                                    ] [          ] [               ] [scheduling-1] i.z.z.m.s.s.AccessTokenRefreshSchedule   : 开始执行需要定期刷新 AccessToken 存储源的定时任务
2023-11-28 12:04:44.955  INFO 6 --- [                                    ] [          ] [               ] [scheduling-1] i.z.z.m.s.s.AccessTokenRefreshSchedule   : 执行需要定期刷新 AccessToken 存储源的定时任务完成
2023-11-28 12:14:44.954  INFO 6 --- [                                    ] [          ] [               ] [scheduling-1] i.z.z.m.s.s.AccessTokenRefreshSchedule   : 开始执行需要定期刷新 AccessToken 存储源的定时任务
2023-11-28 12:14:44.955  INFO 6 --- [                                    ] [          ] [               ] [scheduling-1] i.z.z.m.s.s.AccessTokenRefreshSchedule   : 执行需要定期刷新 AccessToken 存储源的定时任务完成
2023-11-28 12:24:44.954  INFO 6 --- [                                    ] [          ] [               ] [scheduling-1] i.z.z.m.s.s.AccessTokenRefreshSchedule   : 开始执行需要定期刷新 AccessToken 存储源的定时任务
2023-11-28 12:24:44.955  INFO 6 --- [                                    ] [          ] [               ] [scheduling-1] i.z.z.m.s.s.AccessTokenRefreshSchedule   : 执行需要定期刷新 AccessToken 存储源的定时任务完成
2023-11-28 12:34:44.954  INFO 6 --- [                                    ] [          ] [               ] [scheduling-1] i.z.z.m.s.s.AccessTokenRefreshSchedule   : 开始执行需要定期刷新 AccessToken 存储源的定时任务
2023-11-28 12:34:44.955  INFO 6 --- [                                    ] [          ] [               ] [scheduling-1] i.z.z.m.s.s.AccessTokenRefreshSchedule   : 执行需要定期刷新 AccessToken 存储源的定时任务完成
2023-11-28 12:44:44.954  INFO 6 --- [                                    ] [          ] [               ] [scheduling-1] i.z.z.m.s.s.AccessTokenRefreshSchedule   : 开始执行需要定期刷新 AccessToken 存储源的定时任务
2023-11-28 12:44:44.955  INFO 6 --- [                                    ] [          ] [               ] [scheduling-1] i.z.z.m.s.s.AccessTokenRefreshSchedule   : 执行需要定期刷新 AccessToken 存储源的定时任务完成
2023-11-28 12:54:44.954  INFO 6 --- [                                    ] [          ] [               ] [scheduling-1] i.z.z.m.s.s.AccessTokenRefreshSchedule   : 开始执行需要定期刷新 AccessToken 存储源的定时任务
2023-11-28 12:54:44.955  INFO 6 --- [                                    ] [          ] [               ] [scheduling-1] i.z.z.m.s.s.AccessTokenRefreshSchedule   : 执行需要定期刷新 AccessToken 存储源的定时任务完成
2023-11-28 13:04:44.954  INFO 6 --- [                                    ] [          ] [               ] [scheduling-1] i.z.z.m.s.s.AccessTokenRefreshSchedule   : 开始执行需要定期刷新 AccessToken 存储源的定时任务
2023-11-28 13:04:44.955  INFO 6 --- [                                    ] [          ] [               ] [scheduling-1] i.z.z.m.s.s.AccessTokenRefreshSchedule   : 执行需要定期刷新 AccessToken 存储源的定时任务完成
2023-11-28 13:14:44.954  INFO 6 --- [                                    ] [          ] [               ] [scheduling-1] i.z.z.m.s.s.AccessTokenRefreshSchedule   : 开始执行需要定期刷新 AccessToken 存储源的定时任务
2023-11-28 13:14:44.955  INFO 6 --- [                                    ] [          ] [               ] [scheduling-1] i.z.z.m.s.s.AccessTokenRefreshSchedule   : 执行需要定期刷新 AccessToken 存储源的定时任务完成
2023-11-28 13:24:44.954  INFO 6 --- [                                    ] [          ] [               ] [scheduling-1] i.z.z.m.s.s.AccessTokenRefreshSchedule   : 开始执行需要定期刷新 AccessToken 存储源的定时任务
2023-11-28 13:24:44.955  INFO 6 --- [                                    ] [          ] [               ] [scheduling-1] i.z.z.m.s.s.AccessTokenRefreshSchedule   : 执行需要定期刷新 AccessToken 存储源的定时任务完成
2023-11-28 13:34:44.954  INFO 6 --- [                                    ] [          ] [               ] [scheduling-1] i.z.z.m.s.s.AccessTokenRefreshSchedule   : 开始执行需要定期刷新 AccessToken 存储源的定时任务
2023-11-28 13:34:44.955  INFO 6 --- [                                    ] [          ] [               ] [scheduling-1] i.z.z.m.s.s.AccessTokenRefreshSchedule   : 执行需要定期刷新 AccessToken 存储源的定时任务完成
2023-11-28 13:44:44.954  INFO 6 --- [                                    ] [          ] [               ] [scheduling-1] i.z.z.m.s.s.AccessTokenRefreshSchedule   : 开始执行需要定期刷新 AccessToken 存储源的定时任务
2023-11-28 13:44:44.955  INFO 6 --- [                                    ] [          ] [               ] [scheduling-1] i.z.z.m.s.s.AccessTokenRefreshSchedule   : 执行需要定期刷新 AccessToken 存储源的定时任务完成
2023-11-28 13:54:44.954  INFO 6 --- [                                    ] [          ] [               ] [scheduling-1] i.z.z.m.s.s.AccessTokenRefreshSchedule   : 开始执行需要定期刷新 AccessToken 存储源的定时任务
2023-11-28 13:54:44.955  INFO 6 --- [                                    ] [          ] [               ] [scheduling-1] i.z.z.m.s.s.AccessTokenRefreshSchedule   : 执行需要定期刷新 AccessToken 存储源的定时任务完成
2023-11-28 14:04:44.954  INFO 6 --- [                                    ] [          ] [               ] [scheduling-1] i.z.z.m.s.s.AccessTokenRefreshSchedule   : 开始执行需要定期刷新 AccessToken 存储源的定时任务
2023-11-28 14:04:44.955  INFO 6 --- [                                    ] [          ] [               ] [scheduling-1] i.z.z.m.s.s.AccessTokenRefreshSchedule   : 执行需要定期刷新 AccessToken 存储源的定时任务完成
2023-11-28 14:14:44.954  INFO 6 --- [                                    ] [          ] [               ] [scheduling-1] i.z.z.m.s.s.AccessTokenRefreshSchedule   : 开始执行需要定期刷新 AccessToken 存储源的定时任务
2023-11-28 14:14:44.955  INFO 6 --- [                                    ] [          ] [               ] [scheduling-1] i.z.z.m.s.s.AccessTokenRefreshSchedule   : 执行需要定期刷新 AccessToken 存储源的定时任务完成
2023-11-28 14:24:44.954  INFO 6 --- [                                    ] [          ] [               ] [scheduling-1] i.z.z.m.s.s.AccessTokenRefreshSchedule   : 开始执行需要定期刷新 AccessToken 存储源的定时任务
2023-11-28 14:24:44.955  INFO 6 --- [                                    ] [          ] [               ] [scheduling-1] i.z.z.m.s.s.AccessTokenRefreshSchedule   : 执行需要定期刷新 AccessToken 存储源的定时任务完成
2023-11-28 14:34:44.954  INFO 6 --- [                                    ] [          ] [               ] [scheduling-1] i.z.z.m.s.s.AccessTokenRefreshSchedule   : 开始执行需要定期刷新 AccessToken 存储源的定时任务
2023-11-28 14:34:44.955  INFO 6 --- [                                    ] [          ] [               ] [scheduling-1] i.z.z.m.s.s.AccessTokenRefreshSchedule   : 执行需要定期刷新 AccessToken 存储源的定时任务完成
2023-11-28 14:44:44.954  INFO 6 --- [                                    ] [          ] [               ] [scheduling-1] i.z.z.m.s.s.AccessTokenRefreshSchedule   : 开始执行需要定期刷新 AccessToken 存储源的定时任务
2023-11-28 14:44:44.955  INFO 6 --- [                                    ] [          ] [               ] [scheduling-1] i.z.z.m.s.s.AccessTokenRefreshSchedule   : 执行需要定期刷新 AccessToken 存储源的定时任务完成
2023-11-28 14:54:44.954  INFO 6 --- [                                    ] [          ] [               ] [scheduling-1] i.z.z.m.s.s.AccessTokenRefreshSchedule   : 开始执行需要定期刷新 AccessToken 存储源的定时任务
2023-11-28 14:54:44.955  INFO 6 --- [                                    ] [          ] [               ] [scheduling-1] i.z.z.m.s.s.AccessTokenRefreshSchedule   : 执行需要定期刷新 AccessToken 存储源的定时任务完成
2023-11-28 15:04:44.954  INFO 6 --- [                                    ] [          ] [               ] [scheduling-1] i.z.z.m.s.s.AccessTokenRefreshSchedule   : 开始执行需要定期刷新 AccessToken 存储源的定时任务
2023-11-28 15:04:44.955  INFO 6 --- [                                    ] [          ] [               ] [scheduling-1] i.z.z.m.s.s.AccessTokenRefreshSchedule   : 执行需要定期刷新 AccessToken 存储源的定时任务完成
2023-11-28 15:14:44.954  INFO 6 --- [                                    ] [          ] [               ] [scheduling-1] i.z.z.m.s.s.AccessTokenRefreshSchedule   : 开始执行需要定期刷新 AccessToken 存储源的定时任务
2023-11-28 15:14:44.955  INFO 6 --- [                                    ] [          ] [               ] [scheduling-1] i.z.z.m.s.s.AccessTokenRefreshSchedule   : 执行需要定期刷新 AccessToken 存储源的定时任务完成
2023-11-28 15:24:44.954  INFO 6 --- [                                    ] [          ] [               ] [scheduling-1] i.z.z.m.s.s.AccessTokenRefreshSchedule   : 开始执行需要定期刷新 AccessToken 存储源的定时任务
2023-11-28 15:24:44.955  INFO 6 --- [                                    ] [          ] [               ] [scheduling-1] i.z.z.m.s.s.AccessTokenRefreshSchedule   : 执行需要定期刷新 AccessToken 存储源的定时任务完成
2023-11-28 15:34:44.954  INFO 6 --- [                                    ] [          ] [               ] [scheduling-1] i.z.z.m.s.s.AccessTokenRefreshSchedule   : 开始执行需要定期刷新 AccessToken 存储源的定时任务
2023-11-28 15:34:44.955  INFO 6 --- [                                    ] [          ] [               ] [scheduling-1] i.z.z.m.s.s.AccessTokenRefreshSchedule   : 执行需要定期刷新 AccessToken 存储源的定时任务完成
2023-11-28 15:44:44.954  INFO 6 --- [                                    ] [          ] [               ] [scheduling-1] i.z.z.m.s.s.AccessTokenRefreshSchedule   : 开始执行需要定期刷新 AccessToken 存储源的定时任务
2023-11-28 15:44:44.955  INFO 6 --- [                                    ] [          ] [               ] [scheduling-1] i.z.z.m.s.s.AccessTokenRefreshSchedule   : 执行需要定期刷新 AccessToken 存储源的定时任务完成
2023-11-28 15:54:44.954  INFO 6 --- [                                    ] [          ] [               ] [scheduling-1] i.z.z.m.s.s.AccessTokenRefreshSchedule   : 开始执行需要定期刷新 AccessToken 存储源的定时任务
2023-11-28 15:54:44.955  INFO 6 --- [                                    ] [          ] [               ] [scheduling-1] i.z.z.m.s.s.AccessTokenRefreshSchedule   : 执行需要定期刷新 AccessToken 存储源的定时任务完成
2023-11-28 16:04:44.954  INFO 6 --- [                                    ] [          ] [               ] [scheduling-1] i.z.z.m.s.s.AccessTokenRefreshSchedule   : 开始执行需要定期刷新 AccessToken 存储源的定时任务
2023-11-28 16:04:44.955  INFO 6 --- [                                    ] [          ] [               ] [scheduling-1] i.z.z.m.s.s.AccessTokenRefreshSchedule   : 执行需要定期刷新 AccessToken 存储源的定时任务完成
2023-11-28 16:14:44.954  INFO 6 --- [                                    ] [          ] [               ] [scheduling-1] i.z.z.m.s.s.AccessTokenRefreshSchedule   : 开始执行需要定期刷新 AccessToken 存储源的定时任务
2023-11-28 16:14:44.955  INFO 6 --- [                                    ] [          ] [               ] [scheduling-1] i.z.z.m.s.s.AccessTokenRefreshSchedule   : 执行需要定期刷新 AccessToken 存储源的定时任务完成
2023-11-28 16:24:44.954  INFO 6 --- [                                    ] [          ] [               ] [scheduling-1] i.z.z.m.s.s.AccessTokenRefreshSchedule   : 开始执行需要定期刷新 AccessToken 存储源的定时任务
2023-11-28 16:24:44.955  INFO 6 --- [                                    ] [          ] [               ] [scheduling-1] i.z.z.m.s.s.AccessTokenRefreshSchedule   : 执行需要定期刷新 AccessToken 存储源的定时任务完成
2023-11-28 16:34:44.954  INFO 6 --- [                                    ] [          ] [               ] [scheduling-1] i.z.z.m.s.s.AccessTokenRefreshSchedule   : 开始执行需要定期刷新 AccessToken 存储源的定时任务
2023-11-28 16:34:44.955  INFO 6 --- [                                    ] [          ] [               ] [scheduling-1] i.z.z.m.s.s.AccessTokenRefreshSchedule   : 执行需要定期刷新 AccessToken 存储源的定时任务完成
2023-11-28 16:44:44.954  INFO 6 --- [                                    ] [          ] [               ] [scheduling-1] i.z.z.m.s.s.AccessTokenRefreshSchedule   : 开始执行需要定期刷新 AccessToken 存储源的定时任务
2023-11-28 16:44:44.955  INFO 6 --- [                                    ] [          ] [               ] [scheduling-1] i.z.z.m.s.s.AccessTokenRefreshSchedule   : 执行需要定期刷新 AccessToken 存储源的定时任务完成
2023-11-28 16:54:44.954  INFO 6 --- [                                    ] [          ] [               ] [scheduling-1] i.z.z.m.s.s.AccessTokenRefreshSchedule   : 开始执行需要定期刷新 AccessToken 存储源的定时任务
2023-11-28 16:54:44.955  INFO 6 --- [                                    ] [          ] [               ] [scheduling-1] i.z.z.m.s.s.AccessTokenRefreshSchedule   : 执行需要定期刷新 AccessToken 存储源的定时任务完成
2023-11-28 17:04:44.954  INFO 6 --- [                                    ] [          ] [               ] [scheduling-1] i.z.z.m.s.s.AccessTokenRefreshSchedule   : 开始执行需要定期刷新 AccessToken 存储源的定时任务
2023-11-28 17:04:44.955  INFO 6 --- [                                    ] [          ] [               ] [scheduling-1] i.z.z.m.s.s.AccessTokenRefreshSchedule   : 执行需要定期刷新 AccessToken 存储源的定时任务完成
2023-11-28 17:14:44.954  INFO 6 --- [                                    ] [          ] [               ] [scheduling-1] i.z.z.m.s.s.AccessTokenRefreshSchedule   : 开始执行需要定期刷新 AccessToken 存储源的定时任务
2023-11-28 17:14:44.955  INFO 6 --- [                                    ] [          ] [               ] [scheduling-1] i.z.z.m.s.s.AccessTokenRefreshSchedule   : 执行需要定期刷新 AccessToken 存储源的定时任务完成
2023-11-28 17:24:44.954  INFO 6 --- [                                    ] [          ] [               ] [scheduling-1] i.z.z.m.s.s.AccessTokenRefreshSchedule   : 开始执行需要定期刷新 AccessToken 存储源的定时任务
2023-11-28 17:24:44.955  INFO 6 --- [                                    ] [          ] [               ] [scheduling-1] i.z.z.m.s.s.AccessTokenRefreshSchedule   : 执行需要定期刷新 AccessToken 存储源的定时任务完成
2023-11-28 17:34:44.954  INFO 6 --- [                                    ] [          ] [               ] [scheduling-1] i.z.z.m.s.s.AccessTokenRefreshSchedule   : 开始执行需要定期刷新 AccessToken 存储源的定时任务
2023-11-28 17:34:44.955  INFO 6 --- [                                    ] [          ] [               ] [scheduling-1] i.z.z.m.s.s.AccessTokenRefreshSchedule   : 执行需要定期刷新 AccessToken 存储源的定时任务完成
2023-11-28 17:44:44.954  INFO 6 --- [                                    ] [          ] [               ] [scheduling-1] i.z.z.m.s.s.AccessTokenRefreshSchedule   : 开始执行需要定期刷新 AccessToken 存储源的定时任务
2023-11-28 17:44:44.955  INFO 6 --- [                                    ] [          ] [               ] [scheduling-1] i.z.z.m.s.s.AccessTokenRefreshSchedule   : 执行需要定期刷新 AccessToken 存储源的定时任务完成
2023-11-28 17:54:44.954  INFO 6 --- [                                    ] [          ] [               ] [scheduling-1] i.z.z.m.s.s.AccessTokenRefreshSchedule   : 开始执行需要定期刷新 AccessToken 存储源的定时任务
2023-11-28 17:54:44.955  INFO 6 --- [                                    ] [          ] [               ] [scheduling-1] i.z.z.m.s.s.AccessTokenRefreshSchedule   : 执行需要定期刷新 AccessToken 存储源的定时任务完成
2023-11-28 18:04:44.954  INFO 6 --- [                                    ] [          ] [               ] [scheduling-1] i.z.z.m.s.s.AccessTokenRefreshSchedule   : 开始执行需要定期刷新 AccessToken 存储源的定时任务
2023-11-28 18:04:44.955  INFO 6 --- [                                    ] [          ] [               ] [scheduling-1] i.z.z.m.s.s.AccessTokenRefreshSchedule   : 执行需要定期刷新 AccessToken 存储源的定时任务完成
2023-11-28 18:14:44.954  INFO 6 --- [                                    ] [          ] [               ] [scheduling-1] i.z.z.m.s.s.AccessTokenRefreshSchedule   : 开始执行需要定期刷新 AccessToken 存储源的定时任务
2023-11-28 18:14:44.955  INFO 6 --- [                                    ] [          ] [               ] [scheduling-1] i.z.z.m.s.s.AccessTokenRefreshSchedule   : 执行需要定期刷新 AccessToken 存储源的定时任务完成
2023-11-28 18:24:44.954  INFO 6 --- [                                    ] [          ] [               ] [scheduling-1] i.z.z.m.s.s.AccessTokenRefreshSchedule   : 开始执行需要定期刷新 AccessToken 存储源的定时任务
2023-11-28 18:24:44.955  INFO 6 --- [                                    ] [          ] [               ] [scheduling-1] i.z.z.m.s.s.AccessTokenRefreshSchedule   : 执行需要定期刷新 AccessToken 存储源的定时任务完成
2023-11-28 18:34:44.954  INFO 6 --- [                                    ] [          ] [               ] [scheduling-1] i.z.z.m.s.s.AccessTokenRefreshSchedule   : 开始执行需要定期刷新 AccessToken 存储源的定时任务
2023-11-28 18:34:44.955  INFO 6 --- [                                    ] [          ] [               ] [scheduling-1] i.z.z.m.s.s.AccessTokenRefreshSchedule   : 执行需要定期刷新 AccessToken 存储源的定时任务完成
2023-11-28 18:44:44.954  INFO 6 --- [                                    ] [          ] [               ] [scheduling-1] i.z.z.m.s.s.AccessTokenRefreshSchedule   : 开始执行需要定期刷新 AccessToken 存储源的定时任务
2023-11-28 18:44:44.955  INFO 6 --- [                                    ] [          ] [               ] [scheduling-1] i.z.z.m.s.s.AccessTokenRefreshSchedule   : 执行需要定期刷新 AccessToken 存储源的定时任务完成
2023-11-28 18:54:44.954  INFO 6 --- [                                    ] [          ] [               ] [scheduling-1] i.z.z.m.s.s.AccessTokenRefreshSchedule   : 开始执行需要定期刷新 AccessToken 存储源的定时任务
2023-11-28 18:54:44.955  INFO 6 --- [                                    ] [          ] [               ] [scheduling-1] i.z.z.m.s.s.AccessTokenRefreshSchedule   : 执行需要定期刷新 AccessToken 存储源的定时任务完成
2023-11-28 19:04:44.954  INFO 6 --- [                                    ] [          ] [               ] [scheduling-1] i.z.z.m.s.s.AccessTokenRefreshSchedule   : 开始执行需要定期刷新 AccessToken 存储源的定时任务
2023-11-28 19:04:44.955  INFO 6 --- [                                    ] [          ] [               ] [scheduling-1] i.z.z.m.s.s.AccessTokenRefreshSchedule   : 执行需要定期刷新 AccessToken 存储源的定时任务完成
2023-11-28 19:14:44.954  INFO 6 --- [                                    ] [          ] [               ] [scheduling-1] i.z.z.m.s.s.AccessTokenRefreshSchedule   : 开始执行需要定期刷新 AccessToken 存储源的定时任务
2023-11-28 19:14:44.956  INFO 6 --- [                                    ] [          ] [               ] [scheduling-1] i.z.z.m.s.s.AccessTokenRefreshSchedule   : 执行需要定期刷新 AccessToken 存储源的定时任务完成
2023-11-28 19:24:44.954  INFO 6 --- [                                    ] [          ] [               ] [scheduling-1] i.z.z.m.s.s.AccessTokenRefreshSchedule   : 开始执行需要定期刷新 AccessToken 存储源的定时任务
2023-11-28 19:24:44.955  INFO 6 --- [                                    ] [          ] [               ] [scheduling-1] i.z.z.m.s.s.AccessTokenRefreshSchedule   : 执行需要定期刷新 AccessToken 存储源的定时任务完成
2023-11-28 19:34:44.954  INFO 6 --- [                                    ] [          ] [               ] [scheduling-1] i.z.z.m.s.s.AccessTokenRefreshSchedule   : 开始执行需要定期刷新 AccessToken 存储源的定时任务
2023-11-28 19:34:44.955  INFO 6 --- [                                    ] [          ] [               ] [scheduling-1] i.z.z.m.s.s.AccessTokenRefreshSchedule   : 执行需要定期刷新 AccessToken 存储源的定时任务完成
2023-11-28 19:44:44.954  INFO 6 --- [                                    ] [          ] [               ] [scheduling-1] i.z.z.m.s.s.AccessTokenRefreshSchedule   : 开始执行需要定期刷新 AccessToken 存储源的定时任务
2023-11-28 19:44:44.956  INFO 6 --- [                                    ] [          ] [               ] [scheduling-1] i.z.z.m.s.s.AccessTokenRefreshSchedule   : 执行需要定期刷新 AccessToken 存储源的定时任务完成
2023-11-28 19:54:44.956  INFO 6 --- [                                    ] [          ] [               ] [scheduling-1] i.z.z.m.s.s.AccessTokenRefreshSchedule   : 开始执行需要定期刷新 AccessToken 存储源的定时任务
2023-11-28 19:54:44.959  INFO 6 --- [                                    ] [          ] [               ] [scheduling-1] i.z.z.m.s.s.AccessTokenRefreshSchedule   : 执行需要定期刷新 AccessToken 存储源的定时任务完成
2023-11-28 20:04:44.954  INFO 6 --- [                                    ] [          ] [               ] [scheduling-1] i.z.z.m.s.s.AccessTokenRefreshSchedule   : 开始执行需要定期刷新 AccessToken 存储源的定时任务
2023-11-28 20:04:44.955  INFO 6 --- [                                    ] [          ] [               ] [scheduling-1] i.z.z.m.s.s.AccessTokenRefreshSchedule   : 执行需要定期刷新 AccessToken 存储源的定时任务完成
2023-11-28 20:14:44.954  INFO 6 --- [                                    ] [          ] [               ] [scheduling-1] i.z.z.m.s.s.AccessTokenRefreshSchedule   : 开始执行需要定期刷新 AccessToken 存储源的定时任务
2023-11-28 20:14:44.956  INFO 6 --- [                                    ] [          ] [               ] [scheduling-1] i.z.z.m.s.s.AccessTokenRefreshSchedule   : 执行需要定期刷新 AccessToken 存储源的定时任务完成
2023-11-28 20:24:44.954  INFO 6 --- [                                    ] [          ] [               ] [scheduling-1] i.z.z.m.s.s.AccessTokenRefreshSchedule   : 开始执行需要定期刷新 AccessToken 存储源的定时任务
2023-11-28 20:24:44.955  INFO 6 --- [                                    ] [          ] [               ] [scheduling-1] i.z.z.m.s.s.AccessTokenRefreshSchedule   : 执行需要定期刷新 AccessToken 存储源的定时任务完成
2023-11-28 20:34:44.954  INFO 6 --- [                                    ] [          ] [               ] [scheduling-1] i.z.z.m.s.s.AccessTokenRefreshSchedule   : 开始执行需要定期刷新 AccessToken 存储源的定时任务
2023-11-28 20:34:44.955  INFO 6 --- [                                    ] [          ] [               ] [scheduling-1] i.z.z.m.s.s.AccessTokenRefreshSchedule   : 执行需要定期刷新 AccessToken 存储源的定时任务完成
2023-11-28 20:44:44.954  INFO 6 --- [                                    ] [          ] [               ] [scheduling-1] i.z.z.m.s.s.AccessTokenRefreshSchedule   : 开始执行需要定期刷新 AccessToken 存储源的定时任务
2023-11-28 20:44:44.955  INFO 6 --- [                                    ] [          ] [               ] [scheduling-1] i.z.z.m.s.s.AccessTokenRefreshSchedule   : 执行需要定期刷新 AccessToken 存储源的定时任务完成
2023-11-28 20:51:52.490  INFO 6 --- [                                    ] [          ] [               ] [http-nio-8080-exec-8] o.apache.coyote.http11.Http11Processor   : Error parsing HTTP request header
 Note: further occurrences of HTTP request parsing errors will be logged at DEBUG level.

java.lang.IllegalArgumentException: Invalid character found in method name [0x160x030x030x000x8a0x010x000x000x860x030x03ee0xe2h)m+0xe60xbf^0x001,70xb10xd70xf20xb3*0xc90xb10x090x910xb60xac0xd40xf9@0x860xb00xe90x150x000x000x020xc0%0x010x000x00[0x000x0a0x000x160x000x140x000x170x000x180x000x190x000x090x000x0a0x000x0b0x000x0c0x000x0d0x000x0e0x000x160x000x0b0x000x020x010x000x000x0d0x000x180x000x160x060x030x060x010x050x030x050x010x040x030x040x010x040x020x020x030x020x010x020x020x010x010x000x170x000x000x000x000x000x120x000x100x000x000x0d111.230.43.930xff0x010x000x010x00...]. HTTP method names must be tokens
	at org.apache.coyote.http11.Http11InputBuffer.parseRequestLine(Http11InputBuffer.java:407)
	at org.apache.coyote.http11.Http11Processor.service(Http11Processor.java:263)
	at org.apache.coyote.AbstractProcessorLight.process(AbstractProcessorLight.java:63)
	at org.apache.coyote.AbstractProtocol$ConnectionHandler.process(AbstractProtocol.java:926)
	at org.apache.tomcat.util.net.NioEndpoint$SocketProcessor.doRun(NioEndpoint.java:1791)
	at org.apache.tomcat.util.net.SocketProcessorBase.run(SocketProcessorBase.java:52)
	at org.apache.tomcat.util.threads.ThreadPoolExecutor.runWorker(ThreadPoolExecutor.java:1191)
	at org.apache.tomcat.util.threads.ThreadPoolExecutor$Worker.run(ThreadPoolExecutor.java:659)
	at org.apache.tomcat.util.threads.TaskThread$WrappingRunnable.run(TaskThread.java:61)
	at java.lang.Thread.run(Thread.java:826)

2023-11-28 20:51:53.421  INFO 6 --- [                                    ] [          ] [               ] [http-nio-8080-exec-6] o.apache.coyote.http11.Http11Processor   : Error parsing HTTP request header
 Note: further occurrences of HTTP request parsing errors will be logged at DEBUG level.

java.lang.IllegalArgumentException: Invalid character found in method name [0x160x030x030x000x8a0x010x000x000x860x030x03ee0xe2i60xebp30xe4:0xcf0xdaj0xdb0x80D0xdb^o0xe90x100xa50xcf:`0xaboJ0xbf0xa00x9d0xb10x000x000x020xc00x090x010x000x00[0x000x0a0x000x160x000x140x000x170x000x180x000x190x000x090x000x0a0x000x0b0x000x0c0x000x0d0x000x0e0x000x160x000x0b0x000x020x010x000x000x0d0x000x180x000x160x060x030x060x010x050x030x050x010x040x030x040x010x040x020x020x030x020x010x020x020x010x010x000x170x000x000x000x000x000x120x000x100x000x000x0d111.230.43.930xff0x010x000x010x00...]. HTTP method names must be tokens
	at org.apache.coyote.http11.Http11InputBuffer.parseRequestLine(Http11InputBuffer.java:407)
	at org.apache.coyote.http11.Http11Processor.service(Http11Processor.java:263)
	at org.apache.coyote.AbstractProcessorLight.process(AbstractProcessorLight.java:63)
	at org.apache.coyote.AbstractProtocol$ConnectionHandler.process(AbstractProtocol.java:926)
	at org.apache.tomcat.util.net.NioEndpoint$SocketProcessor.doRun(NioEndpoint.java:1791)
	at org.apache.tomcat.util.net.SocketProcessorBase.run(SocketProcessorBase.java:52)
	at org.apache.tomcat.util.threads.ThreadPoolExecutor.runWorker(ThreadPoolExecutor.java:1191)
	at org.apache.tomcat.util.threads.ThreadPoolExecutor$Worker.run(ThreadPoolExecutor.java:659)
	at org.apache.tomcat.util.threads.TaskThread$WrappingRunnable.run(TaskThread.java:61)
	at java.lang.Thread.run(Thread.java:826)

2023-11-28 20:51:53.578  INFO 6 --- [                                    ] [          ] [               ] [http-nio-8080-exec-3] o.apache.coyote.http11.Http11Processor   : Error parsing HTTP request header
 Note: further occurrences of HTTP request parsing errors will be logged at DEBUG level.

java.lang.IllegalArgumentException: Invalid character found in method name [0x160x030x030x000x8a0x010x000x000x860x030x03ee0xe2i0x020x170x10IM0xbe0xdb1{p0x9c0x140xc10xbf,0xce0xb3U0xba0xd60x180xa60xb1`0xa390xaa0x990x000x000x020xc00x130x010x000x00[0x000x0a0x000x160x000x140x000x170x000x180x000x190x000x090x000x0a0x000x0b0x000x0c0x000x0d0x000x0e0x000x160x000x0b0x000x020x010x000x000x0d0x000x180x000x160x060x030x060x010x050x030x050x010x040x030x040x010x040x020x020x030x020x010x020x020x010x010x000x170x000x000x000x000x000x120x000x100x000x000x0d111.230.43.930xff0x010x000x010x00...]. HTTP method names must be tokens
	at org.apache.coyote.http11.Http11InputBuffer.parseRequestLine(Http11InputBuffer.java:407)
	at org.apache.coyote.http11.Http11Processor.service(Http11Processor.java:263)
	at org.apache.coyote.AbstractProcessorLight.process(AbstractProcessorLight.java:63)
	at org.apache.coyote.AbstractProtocol$ConnectionHandler.process(AbstractProtocol.java:926)
	at org.apache.tomcat.util.net.NioEndpoint$SocketProcessor.doRun(NioEndpoint.java:1791)
	at org.apache.tomcat.util.net.SocketProcessorBase.run(SocketProcessorBase.java:52)
	at org.apache.tomcat.util.threads.ThreadPoolExecutor.runWorker(ThreadPoolExecutor.java:1191)
	at org.apache.tomcat.util.threads.ThreadPoolExecutor$Worker.run(ThreadPoolExecutor.java:659)
	at org.apache.tomcat.util.threads.TaskThread$WrappingRunnable.run(TaskThread.java:61)
	at java.lang.Thread.run(Thread.java:826)

2023-11-28 20:51:53.731  INFO 6 --- [                                    ] [          ] [               ] [http-nio-8080-exec-2] o.apache.coyote.http11.Http11Processor   : Error parsing HTTP request header
 Note: further occurrences of HTTP request parsing errors will be logged at DEBUG level.

java.lang.IllegalArgumentException: Invalid character found in method name [0x160x030x030x00j0x010x000x00f0x030x03ee0xe2i0xb50x0b0xf90xfc4&0xd8)0x16)0x860xc70x1d0xb20xc10xfa0x0c0xbbZ0xbd0xb8t0xf8H0xc4i0xa10x9f0x000x000x020x00/0x010x000x00;0x000x0d0x000x180x000x160x060x030x060x010x050x030x050x010x040x030x040x010x040x020x020x030x020x010x020x020x010x010x000x170x000x000x000x000x000x120x000x100x000x000x0d111.230.43.930xff0x010x000x010x00...]. HTTP method names must be tokens
	at org.apache.coyote.http11.Http11InputBuffer.parseRequestLine(Http11InputBuffer.java:407)
	at org.apache.coyote.http11.Http11Processor.service(Http11Processor.java:263)
	at org.apache.coyote.AbstractProcessorLight.process(AbstractProcessorLight.java:63)
	at org.apache.coyote.AbstractProtocol$ConnectionHandler.process(AbstractProtocol.java:926)
	at org.apache.tomcat.util.net.NioEndpoint$SocketProcessor.doRun(NioEndpoint.java:1791)
	at org.apache.tomcat.util.net.SocketProcessorBase.run(SocketProcessorBase.java:52)
	at org.apache.tomcat.util.threads.ThreadPoolExecutor.runWorker(ThreadPoolExecutor.java:1191)
	at org.apache.tomcat.util.threads.ThreadPoolExecutor$Worker.run(ThreadPoolExecutor.java:659)
	at org.apache.tomcat.util.threads.TaskThread$WrappingRunnable.run(TaskThread.java:61)
	at java.lang.Thread.run(Thread.java:826)

2023-11-28 20:51:54.012  INFO 6 --- [                                    ] [          ] [               ] [http-nio-8080-exec-3] o.apache.coyote.http11.Http11Processor   : Error parsing HTTP request header
 Note: further occurrences of HTTP request parsing errors will be logged at DEBUG level.

java.lang.IllegalArgumentException: Invalid character found in method name [0x160x030x030x000x8a0x010x000x000x860x030x03ee0xe2jn0xd1|0xba%0xd00xfb>0xc40x98z0x100xb60xd60xc5;J0xed0xdd0xc40xca0xe50x980xb80xd350x7f0xb80x000x000x020xc00x0e0x010x000x00[0x000x0a0x000x160x000x140x000x170x000x180x000x190x000x090x000x0a0x000x0b0x000x0c0x000x0d0x000x0e0x000x160x000x0b0x000x020x010x000x000x0d0x000x180x000x160x060x030x060x010x050x030x050x010x040x030x040x010x040x020x020x030x020x010x020x020x010x010x000x170x000x000x000x000x000x120x000x100x000x000x0d111.230.43.930xff0x010x000x010x00...]. HTTP method names must be tokens
	at org.apache.coyote.http11.Http11InputBuffer.parseRequestLine(Http11InputBuffer.java:407)
	at org.apache.coyote.http11.Http11Processor.service(Http11Processor.java:263)
	at org.apache.coyote.AbstractProcessorLight.process(AbstractProcessorLight.java:63)
	at org.apache.coyote.AbstractProtocol$ConnectionHandler.process(AbstractProtocol.java:926)
	at org.apache.tomcat.util.net.NioEndpoint$SocketProcessor.doRun(NioEndpoint.java:1791)
	at org.apache.tomcat.util.net.SocketProcessorBase.run(SocketProcessorBase.java:52)
	at org.apache.tomcat.util.threads.ThreadPoolExecutor.runWorker(ThreadPoolExecutor.java:1191)
	at org.apache.tomcat.util.threads.ThreadPoolExecutor$Worker.run(ThreadPoolExecutor.java:659)
	at org.apache.tomcat.util.threads.TaskThread$WrappingRunnable.run(TaskThread.java:61)
	at java.lang.Thread.run(Thread.java:826)

2023-11-28 20:52:01.940  INFO 6 --- [3c2646f6-ef49-4cc4-be9f-b49526ecb36a] [ anonymous] [   39.144.95.89] [http-nio-8080-exec-6] i.z.z.m.r.service.ReadmeConfigService    : 存储源 1 规则模式获取目录 / 下文档信息
2023-11-28 20:54:44.954  INFO 6 --- [                                    ] [          ] [               ] [scheduling-1] i.z.z.m.s.s.AccessTokenRefreshSchedule   : 开始执行需要定期刷新 AccessToken 存储源的定时任务
2023-11-28 20:54:44.955  INFO 6 --- [                                    ] [          ] [               ] [scheduling-1] i.z.z.m.s.s.AccessTokenRefreshSchedule   : 执行需要定期刷新 AccessToken 存储源的定时任务完成
2023-11-28 21:04:44.954  INFO 6 --- [                                    ] [          ] [               ] [scheduling-1] i.z.z.m.s.s.AccessTokenRefreshSchedule   : 开始执行需要定期刷新 AccessToken 存储源的定时任务
2023-11-28 21:04:44.955  INFO 6 --- [                                    ] [          ] [               ] [scheduling-1] i.z.z.m.s.s.AccessTokenRefreshSchedule   : 执行需要定期刷新 AccessToken 存储源的定时任务完成
2023-11-28 21:14:44.954  INFO 6 --- [                                    ] [          ] [               ] [scheduling-1] i.z.z.m.s.s.AccessTokenRefreshSchedule   : 开始执行需要定期刷新 AccessToken 存储源的定时任务
2023-11-28 21:14:44.955  INFO 6 --- [                                    ] [          ] [               ] [scheduling-1] i.z.z.m.s.s.AccessTokenRefreshSchedule   : 执行需要定期刷新 AccessToken 存储源的定时任务完成
2023-11-28 21:24:44.954  INFO 6 --- [                                    ] [          ] [               ] [scheduling-1] i.z.z.m.s.s.AccessTokenRefreshSchedule   : 开始执行需要定期刷新 AccessToken 存储源的定时任务
2023-11-28 21:24:44.955  INFO 6 --- [                                    ] [          ] [               ] [scheduling-1] i.z.z.m.s.s.AccessTokenRefreshSchedule   : 执行需要定期刷新 AccessToken 存储源的定时任务完成
